{"C:\\Users\\adm\\OneDrive\\Bureau\\KickOff\\App.js": {"path":"C:\\Users\\adm\\OneDrive\\Bureau\\KickOff\\App.js","statementMap":{"0":{"start":{"line":9,"column":2},"end":{"line":15,"column":4}},"1":{"start":{"line":18,"column":15},"end":{"line":29,"column":2}}},"fnMap":{"0":{"name":"App","decl":{"start":{"line":8,"column":24},"end":{"line":8,"column":27}},"loc":{"start":{"line":8,"column":30},"end":{"line":16,"column":1}},"line":8}},"branchMap":{},"s":{"0":2,"1":1},"f":{"0":2},"b":{},"_coverageSchema":"1a1c01bbd47fc00a2c39e90264f33305004495a9","hash":"3d89021a9d2158c2cd73609a03d17f734c0e85c8"}
,"C:\\Users\\adm\\OneDrive\\Bureau\\KickOff\\.expo\\metro\\polyfill.js": {"path":"C:\\Users\\adm\\OneDrive\\Bureau\\KickOff\\.expo\\metro\\polyfill.js","statementMap":{"0":{"start":{"line":1,"column":0},"end":{"line":1,"column":81}},"1":{"start":{"line":1,"column":76},"end":{"line":1,"column":80}}},"fnMap":{"0":{"name":"(anonymous_0)","decl":{"start":{"line":1,"column":70},"end":{"line":1,"column":71}},"loc":{"start":{"line":1,"column":76},"end":{"line":1,"column":80}},"line":1}},"branchMap":{"0":{"loc":{"start":{"line":1,"column":28},"end":{"line":1,"column":80}},"type":"cond-expr","locations":[{"start":{"line":1,"column":60},"end":{"line":1,"column":67}},{"start":{"line":1,"column":70},"end":{"line":1,"column":80}}],"line":1}},"s":{"0":0,"1":0},"f":{"0":0},"b":{"0":[0,0]}}
,"C:\\Users\\adm\\OneDrive\\Bureau\\KickOff\\.expo\\metro\\polyfill.native.js": {"path":"C:\\Users\\adm\\OneDrive\\Bureau\\KickOff\\.expo\\metro\\polyfill.native.js","statementMap":{"0":{"start":{"line":1,"column":0},"end":{"line":1,"column":155}},"1":{"start":{"line":1,"column":43},"end":{"line":1,"column":154}}},"fnMap":{"0":{"name":"(anonymous_0)","decl":{"start":{"line":1,"column":28},"end":{"line":1,"column":29}},"loc":{"start":{"line":1,"column":42},"end":{"line":1,"column":155}},"line":1}},"branchMap":{},"s":{"0":0,"1":0},"f":{"0":0},"b":{}}
,"C:\\Users\\adm\\OneDrive\\Bureau\\KickOff\\.expo\\metro\\externals\\assert\\index.js": {"path":"C:\\Users\\adm\\OneDrive\\Bureau\\KickOff\\.expo\\metro\\externals\\assert\\index.js","statementMap":{"0":{"start":{"line":1,"column":0},"end":{"line":1,"column":51}}},"fnMap":{},"branchMap":{},"s":{"0":0},"f":{},"b":{}}
,"C:\\Users\\adm\\OneDrive\\Bureau\\KickOff\\.expo\\metro\\externals\\async_hooks\\index.js": {"path":"C:\\Users\\adm\\OneDrive\\Bureau\\KickOff\\.expo\\metro\\externals\\async_hooks\\index.js","statementMap":{"0":{"start":{"line":1,"column":0},"end":{"line":1,"column":56}}},"fnMap":{},"branchMap":{},"s":{"0":0},"f":{},"b":{}}
,"C:\\Users\\adm\\OneDrive\\Bureau\\KickOff\\.expo\\metro\\externals\\buffer\\index.js": {"path":"C:\\Users\\adm\\OneDrive\\Bureau\\KickOff\\.expo\\metro\\externals\\buffer\\index.js","statementMap":{"0":{"start":{"line":1,"column":0},"end":{"line":1,"column":51}}},"fnMap":{},"branchMap":{},"s":{"0":0},"f":{},"b":{}}
,"C:\\Users\\adm\\OneDrive\\Bureau\\KickOff\\.expo\\metro\\externals\\child_process\\index.js": {"path":"C:\\Users\\adm\\OneDrive\\Bureau\\KickOff\\.expo\\metro\\externals\\child_process\\index.js","statementMap":{"0":{"start":{"line":1,"column":0},"end":{"line":1,"column":58}}},"fnMap":{},"branchMap":{},"s":{"0":0},"f":{},"b":{}}
,"C:\\Users\\adm\\OneDrive\\Bureau\\KickOff\\.expo\\metro\\externals\\cluster\\index.js": {"path":"C:\\Users\\adm\\OneDrive\\Bureau\\KickOff\\.expo\\metro\\externals\\cluster\\index.js","statementMap":{"0":{"start":{"line":1,"column":0},"end":{"line":1,"column":52}}},"fnMap":{},"branchMap":{},"s":{"0":0},"f":{},"b":{}}
,"C:\\Users\\adm\\OneDrive\\Bureau\\KickOff\\.expo\\metro\\externals\\console\\index.js": {"path":"C:\\Users\\adm\\OneDrive\\Bureau\\KickOff\\.expo\\metro\\externals\\console\\index.js","statementMap":{"0":{"start":{"line":1,"column":0},"end":{"line":1,"column":52}}},"fnMap":{},"branchMap":{},"s":{"0":0},"f":{},"b":{}}
,"C:\\Users\\adm\\OneDrive\\Bureau\\KickOff\\.expo\\metro\\externals\\constants\\index.js": {"path":"C:\\Users\\adm\\OneDrive\\Bureau\\KickOff\\.expo\\metro\\externals\\constants\\index.js","statementMap":{"0":{"start":{"line":1,"column":0},"end":{"line":1,"column":54}}},"fnMap":{},"branchMap":{},"s":{"0":0},"f":{},"b":{}}
,"C:\\Users\\adm\\OneDrive\\Bureau\\KickOff\\.expo\\metro\\externals\\crypto\\index.js": {"path":"C:\\Users\\adm\\OneDrive\\Bureau\\KickOff\\.expo\\metro\\externals\\crypto\\index.js","statementMap":{"0":{"start":{"line":1,"column":0},"end":{"line":1,"column":51}}},"fnMap":{},"branchMap":{},"s":{"0":0},"f":{},"b":{}}
,"C:\\Users\\adm\\OneDrive\\Bureau\\KickOff\\.expo\\metro\\externals\\dgram\\index.js": {"path":"C:\\Users\\adm\\OneDrive\\Bureau\\KickOff\\.expo\\metro\\externals\\dgram\\index.js","statementMap":{"0":{"start":{"line":1,"column":0},"end":{"line":1,"column":50}}},"fnMap":{},"branchMap":{},"s":{"0":0},"f":{},"b":{}}
,"C:\\Users\\adm\\OneDrive\\Bureau\\KickOff\\.expo\\metro\\externals\\diagnostics_channel\\index.js": {"path":"C:\\Users\\adm\\OneDrive\\Bureau\\KickOff\\.expo\\metro\\externals\\diagnostics_channel\\index.js","statementMap":{"0":{"start":{"line":1,"column":0},"end":{"line":1,"column":64}}},"fnMap":{},"branchMap":{},"s":{"0":0},"f":{},"b":{}}
,"C:\\Users\\adm\\OneDrive\\Bureau\\KickOff\\.expo\\metro\\externals\\dns\\index.js": {"path":"C:\\Users\\adm\\OneDrive\\Bureau\\KickOff\\.expo\\metro\\externals\\dns\\index.js","statementMap":{"0":{"start":{"line":1,"column":0},"end":{"line":1,"column":48}}},"fnMap":{},"branchMap":{},"s":{"0":0},"f":{},"b":{}}
,"C:\\Users\\adm\\OneDrive\\Bureau\\KickOff\\.expo\\metro\\externals\\domain\\index.js": {"path":"C:\\Users\\adm\\OneDrive\\Bureau\\KickOff\\.expo\\metro\\externals\\domain\\index.js","statementMap":{"0":{"start":{"line":1,"column":0},"end":{"line":1,"column":51}}},"fnMap":{},"branchMap":{},"s":{"0":0},"f":{},"b":{}}
,"C:\\Users\\adm\\OneDrive\\Bureau\\KickOff\\.expo\\metro\\externals\\events\\index.js": {"path":"C:\\Users\\adm\\OneDrive\\Bureau\\KickOff\\.expo\\metro\\externals\\events\\index.js","statementMap":{"0":{"start":{"line":1,"column":0},"end":{"line":1,"column":51}}},"fnMap":{},"branchMap":{},"s":{"0":0},"f":{},"b":{}}
,"C:\\Users\\adm\\OneDrive\\Bureau\\KickOff\\.expo\\metro\\externals\\fs\\index.js": {"path":"C:\\Users\\adm\\OneDrive\\Bureau\\KickOff\\.expo\\metro\\externals\\fs\\index.js","statementMap":{"0":{"start":{"line":1,"column":0},"end":{"line":1,"column":47}}},"fnMap":{},"branchMap":{},"s":{"0":0},"f":{},"b":{}}
,"C:\\Users\\adm\\OneDrive\\Bureau\\KickOff\\.expo\\metro\\externals\\fs\\promises\\index.js": {"path":"C:\\Users\\adm\\OneDrive\\Bureau\\KickOff\\.expo\\metro\\externals\\fs\\promises\\index.js","statementMap":{"0":{"start":{"line":1,"column":0},"end":{"line":1,"column":56}}},"fnMap":{},"branchMap":{},"s":{"0":0},"f":{},"b":{}}
,"C:\\Users\\adm\\OneDrive\\Bureau\\KickOff\\.expo\\metro\\externals\\http\\index.js": {"path":"C:\\Users\\adm\\OneDrive\\Bureau\\KickOff\\.expo\\metro\\externals\\http\\index.js","statementMap":{"0":{"start":{"line":1,"column":0},"end":{"line":1,"column":49}}},"fnMap":{},"branchMap":{},"s":{"0":0},"f":{},"b":{}}
,"C:\\Users\\adm\\OneDrive\\Bureau\\KickOff\\.expo\\metro\\externals\\http2\\index.js": {"path":"C:\\Users\\adm\\OneDrive\\Bureau\\KickOff\\.expo\\metro\\externals\\http2\\index.js","statementMap":{"0":{"start":{"line":1,"column":0},"end":{"line":1,"column":50}}},"fnMap":{},"branchMap":{},"s":{"0":0},"f":{},"b":{}}
,"C:\\Users\\adm\\OneDrive\\Bureau\\KickOff\\.expo\\metro\\externals\\https\\index.js": {"path":"C:\\Users\\adm\\OneDrive\\Bureau\\KickOff\\.expo\\metro\\externals\\https\\index.js","statementMap":{"0":{"start":{"line":1,"column":0},"end":{"line":1,"column":50}}},"fnMap":{},"branchMap":{},"s":{"0":0},"f":{},"b":{}}
,"C:\\Users\\adm\\OneDrive\\Bureau\\KickOff\\.expo\\metro\\externals\\inspector\\index.js": {"path":"C:\\Users\\adm\\OneDrive\\Bureau\\KickOff\\.expo\\metro\\externals\\inspector\\index.js","statementMap":{"0":{"start":{"line":1,"column":0},"end":{"line":1,"column":54}}},"fnMap":{},"branchMap":{},"s":{"0":0},"f":{},"b":{}}
,"C:\\Users\\adm\\OneDrive\\Bureau\\KickOff\\.expo\\metro\\externals\\module\\index.js": {"path":"C:\\Users\\adm\\OneDrive\\Bureau\\KickOff\\.expo\\metro\\externals\\module\\index.js","statementMap":{"0":{"start":{"line":1,"column":0},"end":{"line":1,"column":51}}},"fnMap":{},"branchMap":{},"s":{"0":0},"f":{},"b":{}}
,"C:\\Users\\adm\\OneDrive\\Bureau\\KickOff\\.expo\\metro\\externals\\net\\index.js": {"path":"C:\\Users\\adm\\OneDrive\\Bureau\\KickOff\\.expo\\metro\\externals\\net\\index.js","statementMap":{"0":{"start":{"line":1,"column":0},"end":{"line":1,"column":48}}},"fnMap":{},"branchMap":{},"s":{"0":0},"f":{},"b":{}}
,"C:\\Users\\adm\\OneDrive\\Bureau\\KickOff\\.expo\\metro\\externals\\os\\index.js": {"path":"C:\\Users\\adm\\OneDrive\\Bureau\\KickOff\\.expo\\metro\\externals\\os\\index.js","statementMap":{"0":{"start":{"line":1,"column":0},"end":{"line":1,"column":47}}},"fnMap":{},"branchMap":{},"s":{"0":0},"f":{},"b":{}}
,"C:\\Users\\adm\\OneDrive\\Bureau\\KickOff\\.expo\\metro\\externals\\path\\index.js": {"path":"C:\\Users\\adm\\OneDrive\\Bureau\\KickOff\\.expo\\metro\\externals\\path\\index.js","statementMap":{"0":{"start":{"line":1,"column":0},"end":{"line":1,"column":49}}},"fnMap":{},"branchMap":{},"s":{"0":0},"f":{},"b":{}}
,"C:\\Users\\adm\\OneDrive\\Bureau\\KickOff\\.expo\\metro\\externals\\perf_hooks\\index.js": {"path":"C:\\Users\\adm\\OneDrive\\Bureau\\KickOff\\.expo\\metro\\externals\\perf_hooks\\index.js","statementMap":{"0":{"start":{"line":1,"column":0},"end":{"line":1,"column":55}}},"fnMap":{},"branchMap":{},"s":{"0":0},"f":{},"b":{}}
,"C:\\Users\\adm\\OneDrive\\Bureau\\KickOff\\.expo\\metro\\externals\\process\\index.js": {"path":"C:\\Users\\adm\\OneDrive\\Bureau\\KickOff\\.expo\\metro\\externals\\process\\index.js","statementMap":{"0":{"start":{"line":1,"column":0},"end":{"line":1,"column":52}}},"fnMap":{},"branchMap":{},"s":{"0":0},"f":{},"b":{}}
,"C:\\Users\\adm\\OneDrive\\Bureau\\KickOff\\.expo\\metro\\externals\\punycode\\index.js": {"path":"C:\\Users\\adm\\OneDrive\\Bureau\\KickOff\\.expo\\metro\\externals\\punycode\\index.js","statementMap":{"0":{"start":{"line":1,"column":0},"end":{"line":1,"column":53}}},"fnMap":{},"branchMap":{},"s":{"0":0},"f":{},"b":{}}
,"C:\\Users\\adm\\OneDrive\\Bureau\\KickOff\\.expo\\metro\\externals\\querystring\\index.js": {"path":"C:\\Users\\adm\\OneDrive\\Bureau\\KickOff\\.expo\\metro\\externals\\querystring\\index.js","statementMap":{"0":{"start":{"line":1,"column":0},"end":{"line":1,"column":56}}},"fnMap":{},"branchMap":{},"s":{"0":0},"f":{},"b":{}}
,"C:\\Users\\adm\\OneDrive\\Bureau\\KickOff\\.expo\\metro\\externals\\readline\\index.js": {"path":"C:\\Users\\adm\\OneDrive\\Bureau\\KickOff\\.expo\\metro\\externals\\readline\\index.js","statementMap":{"0":{"start":{"line":1,"column":0},"end":{"line":1,"column":53}}},"fnMap":{},"branchMap":{},"s":{"0":0},"f":{},"b":{}}
,"C:\\Users\\adm\\OneDrive\\Bureau\\KickOff\\.expo\\metro\\externals\\repl\\index.js": {"path":"C:\\Users\\adm\\OneDrive\\Bureau\\KickOff\\.expo\\metro\\externals\\repl\\index.js","statementMap":{"0":{"start":{"line":1,"column":0},"end":{"line":1,"column":49}}},"fnMap":{},"branchMap":{},"s":{"0":0},"f":{},"b":{}}
,"C:\\Users\\adm\\OneDrive\\Bureau\\KickOff\\.expo\\metro\\externals\\stream\\index.js": {"path":"C:\\Users\\adm\\OneDrive\\Bureau\\KickOff\\.expo\\metro\\externals\\stream\\index.js","statementMap":{"0":{"start":{"line":1,"column":0},"end":{"line":1,"column":51}}},"fnMap":{},"branchMap":{},"s":{"0":0},"f":{},"b":{}}
,"C:\\Users\\adm\\OneDrive\\Bureau\\KickOff\\.expo\\metro\\externals\\string_decoder\\index.js": {"path":"C:\\Users\\adm\\OneDrive\\Bureau\\KickOff\\.expo\\metro\\externals\\string_decoder\\index.js","statementMap":{"0":{"start":{"line":1,"column":0},"end":{"line":1,"column":59}}},"fnMap":{},"branchMap":{},"s":{"0":0},"f":{},"b":{}}
,"C:\\Users\\adm\\OneDrive\\Bureau\\KickOff\\.expo\\metro\\externals\\timers\\index.js": {"path":"C:\\Users\\adm\\OneDrive\\Bureau\\KickOff\\.expo\\metro\\externals\\timers\\index.js","statementMap":{"0":{"start":{"line":1,"column":0},"end":{"line":1,"column":51}}},"fnMap":{},"branchMap":{},"s":{"0":0},"f":{},"b":{}}
,"C:\\Users\\adm\\OneDrive\\Bureau\\KickOff\\.expo\\metro\\externals\\tls\\index.js": {"path":"C:\\Users\\adm\\OneDrive\\Bureau\\KickOff\\.expo\\metro\\externals\\tls\\index.js","statementMap":{"0":{"start":{"line":1,"column":0},"end":{"line":1,"column":48}}},"fnMap":{},"branchMap":{},"s":{"0":0},"f":{},"b":{}}
,"C:\\Users\\adm\\OneDrive\\Bureau\\KickOff\\.expo\\metro\\externals\\trace_events\\index.js": {"path":"C:\\Users\\adm\\OneDrive\\Bureau\\KickOff\\.expo\\metro\\externals\\trace_events\\index.js","statementMap":{"0":{"start":{"line":1,"column":0},"end":{"line":1,"column":57}}},"fnMap":{},"branchMap":{},"s":{"0":0},"f":{},"b":{}}
,"C:\\Users\\adm\\OneDrive\\Bureau\\KickOff\\.expo\\metro\\externals\\tty\\index.js": {"path":"C:\\Users\\adm\\OneDrive\\Bureau\\KickOff\\.expo\\metro\\externals\\tty\\index.js","statementMap":{"0":{"start":{"line":1,"column":0},"end":{"line":1,"column":48}}},"fnMap":{},"branchMap":{},"s":{"0":0},"f":{},"b":{}}
,"C:\\Users\\adm\\OneDrive\\Bureau\\KickOff\\.expo\\metro\\externals\\url\\index.js": {"path":"C:\\Users\\adm\\OneDrive\\Bureau\\KickOff\\.expo\\metro\\externals\\url\\index.js","statementMap":{"0":{"start":{"line":1,"column":0},"end":{"line":1,"column":48}}},"fnMap":{},"branchMap":{},"s":{"0":0},"f":{},"b":{}}
,"C:\\Users\\adm\\OneDrive\\Bureau\\KickOff\\.expo\\metro\\externals\\util\\index.js": {"path":"C:\\Users\\adm\\OneDrive\\Bureau\\KickOff\\.expo\\metro\\externals\\util\\index.js","statementMap":{"0":{"start":{"line":1,"column":0},"end":{"line":1,"column":49}}},"fnMap":{},"branchMap":{},"s":{"0":0},"f":{},"b":{}}
,"C:\\Users\\adm\\OneDrive\\Bureau\\KickOff\\.expo\\metro\\externals\\v8\\index.js": {"path":"C:\\Users\\adm\\OneDrive\\Bureau\\KickOff\\.expo\\metro\\externals\\v8\\index.js","statementMap":{"0":{"start":{"line":1,"column":0},"end":{"line":1,"column":47}}},"fnMap":{},"branchMap":{},"s":{"0":0},"f":{},"b":{}}
,"C:\\Users\\adm\\OneDrive\\Bureau\\KickOff\\.expo\\metro\\externals\\vm\\index.js": {"path":"C:\\Users\\adm\\OneDrive\\Bureau\\KickOff\\.expo\\metro\\externals\\vm\\index.js","statementMap":{"0":{"start":{"line":1,"column":0},"end":{"line":1,"column":47}}},"fnMap":{},"branchMap":{},"s":{"0":0},"f":{},"b":{}}
,"C:\\Users\\adm\\OneDrive\\Bureau\\KickOff\\.expo\\metro\\externals\\wasi\\index.js": {"path":"C:\\Users\\adm\\OneDrive\\Bureau\\KickOff\\.expo\\metro\\externals\\wasi\\index.js","statementMap":{"0":{"start":{"line":1,"column":0},"end":{"line":1,"column":49}}},"fnMap":{},"branchMap":{},"s":{"0":0},"f":{},"b":{}}
,"C:\\Users\\adm\\OneDrive\\Bureau\\KickOff\\.expo\\metro\\externals\\worker_threads\\index.js": {"path":"C:\\Users\\adm\\OneDrive\\Bureau\\KickOff\\.expo\\metro\\externals\\worker_threads\\index.js","statementMap":{"0":{"start":{"line":1,"column":0},"end":{"line":1,"column":59}}},"fnMap":{},"branchMap":{},"s":{"0":0},"f":{},"b":{}}
,"C:\\Users\\adm\\OneDrive\\Bureau\\KickOff\\.expo\\metro\\externals\\zlib\\index.js": {"path":"C:\\Users\\adm\\OneDrive\\Bureau\\KickOff\\.expo\\metro\\externals\\zlib\\index.js","statementMap":{"0":{"start":{"line":1,"column":0},"end":{"line":1,"column":49}}},"fnMap":{},"branchMap":{},"s":{"0":0},"f":{},"b":{}}
,"C:\\Users\\adm\\OneDrive\\Bureau\\KickOff\\.expo\\metro\\shims\\react-native-web\\dist\\cjs\\exports\\AppRegistry\\AppContainer.js": {"path":"C:\\Users\\adm\\OneDrive\\Bureau\\KickOff\\.expo\\metro\\shims\\react-native-web\\dist\\cjs\\exports\\AppRegistry\\AppContainer.js","statementMap":{"0":{"start":{"line":5,"column":2},"end":{"line":5,"column":18}},"1":{"start":{"line":8,"column":0},"end":{"line":10,"column":1}},"2":{"start":{"line":9,"column":2},"end":{"line":9,"column":44}},"3":{"start":{"line":12,"column":0},"end":{"line":12,"column":30}},"4":{"start":{"line":13,"column":0},"end":{"line":13,"column":38}}},"fnMap":{"0":{"name":"AppContainer","decl":{"start":{"line":4,"column":9},"end":{"line":4,"column":21}},"loc":{"start":{"line":4,"column":36},"end":{"line":6,"column":1}},"line":4}},"branchMap":{"0":{"loc":{"start":{"line":8,"column":0},"end":{"line":10,"column":1}},"type":"if","locations":[{"start":{"line":8,"column":0},"end":{"line":10,"column":1}},{"start":{},"end":{}}],"line":8}},"s":{"0":0,"1":0,"2":0,"3":0,"4":0},"f":{"0":0},"b":{"0":[0,0]}}
,"C:\\Users\\adm\\OneDrive\\Bureau\\KickOff\\.expo\\metro\\shims\\react-native-web\\dist\\cjs\\exports\\BackHandler\\index.js": {"path":"C:\\Users\\adm\\OneDrive\\Bureau\\KickOff\\.expo\\metro\\shims\\react-native-web\\dist\\cjs\\exports\\BackHandler\\index.js","statementMap":{"0":{"start":{"line":3,"column":0},"end":{"line":3,"column":54}},"1":{"start":{"line":4,"column":18},"end":{"line":8,"column":3}},"2":{"start":{"line":6,"column":29},"end":{"line":6,"column":54}},"3":{"start":{"line":9,"column":13},"end":{"line":9,"column":24}},"4":{"start":{"line":10,"column":0},"end":{"line":10,"column":65}}},"fnMap":{"0":{"name":"emptyFunction","decl":{"start":{"line":2,"column":9},"end":{"line":2,"column":22}},"loc":{"start":{"line":2,"column":25},"end":{"line":2,"column":27}},"line":2},"1":{"name":"(anonymous_1)","decl":{"start":{"line":6,"column":22},"end":{"line":6,"column":23}},"loc":{"start":{"line":6,"column":29},"end":{"line":6,"column":54}},"line":6}},"branchMap":{},"s":{"0":0,"1":0,"2":0,"3":0,"4":0},"f":{"0":0,"1":0},"b":{}}
,"C:\\Users\\adm\\OneDrive\\Bureau\\KickOff\\.expo\\metro\\shims\\react-native-web\\dist\\exports\\AppRegistry\\AppContainer.js": {"path":"C:\\Users\\adm\\OneDrive\\Bureau\\KickOff\\.expo\\metro\\shims\\react-native-web\\dist\\exports\\AppRegistry\\AppContainer.js","statementMap":{"0":{"start":{"line":5,"column":2},"end":{"line":5,"column":18}},"1":{"start":{"line":8,"column":0},"end":{"line":10,"column":1}},"2":{"start":{"line":9,"column":2},"end":{"line":9,"column":44}}},"fnMap":{"0":{"name":"AppContainer","decl":{"start":{"line":4,"column":9},"end":{"line":4,"column":21}},"loc":{"start":{"line":4,"column":36},"end":{"line":6,"column":1}},"line":4}},"branchMap":{"0":{"loc":{"start":{"line":8,"column":0},"end":{"line":10,"column":1}},"type":"if","locations":[{"start":{"line":8,"column":0},"end":{"line":10,"column":1}},{"start":{},"end":{}}],"line":8}},"s":{"0":0,"1":0,"2":0},"f":{"0":0},"b":{"0":[0,0]}}
,"C:\\Users\\adm\\OneDrive\\Bureau\\KickOff\\.expo\\metro\\shims\\react-native-web\\dist\\exports\\BackHandler\\index.js": {"path":"C:\\Users\\adm\\OneDrive\\Bureau\\KickOff\\.expo\\metro\\shims\\react-native-web\\dist\\exports\\BackHandler\\index.js","statementMap":{"0":{"start":{"line":2,"column":18},"end":{"line":6,"column":1}},"1":{"start":{"line":4,"column":27},"end":{"line":4,"column":52}}},"fnMap":{"0":{"name":"emptyFunction","decl":{"start":{"line":1,"column":9},"end":{"line":1,"column":22}},"loc":{"start":{"line":1,"column":25},"end":{"line":1,"column":27}},"line":1},"1":{"name":"(anonymous_1)","decl":{"start":{"line":4,"column":20},"end":{"line":4,"column":21}},"loc":{"start":{"line":4,"column":27},"end":{"line":4,"column":52}},"line":4}},"branchMap":{},"s":{"0":0,"1":0},"f":{"0":0,"1":0},"b":{}}
,"C:\\Users\\adm\\OneDrive\\Bureau\\KickOff\\api\\Player.js": {"path":"C:\\Users\\adm\\OneDrive\\Bureau\\KickOff\\api\\Player.js","statementMap":{"0":{"start":{"line":1,"column":18},"end":{"line":1,"column":90}}},"fnMap":{},"branchMap":{},"s":{"0":1},"f":{},"b":{},"_coverageSchema":"1a1c01bbd47fc00a2c39e90264f33305004495a9","hash":"e4c86289f8d27ab59bf50559c248afc621b9d43c"}
,"C:\\Users\\adm\\OneDrive\\Bureau\\KickOff\\api\\data.js": {"path":"C:\\Users\\adm\\OneDrive\\Bureau\\KickOff\\api\\data.js","statementMap":{"0":{"start":{"line":1,"column":17},"end":{"line":1,"column":51}}},"fnMap":{},"branchMap":{},"s":{"0":1},"f":{},"b":{},"_coverageSchema":"1a1c01bbd47fc00a2c39e90264f33305004495a9","hash":"0446fef6df6b45b78ecd9c2adb1d31c97f412397"}
,"C:\\Users\\adm\\OneDrive\\Bureau\\KickOff\\components\\CustomButton.js": {"path":"C:\\Users\\adm\\OneDrive\\Bureau\\KickOff\\components\\CustomButton.js","statementMap":{"0":{"start":{"line":4,"column":21},"end":{"line":12,"column":1}},"1":{"start":{"line":5,"column":2},"end":{"line":11,"column":4}},"2":{"start":{"line":14,"column":15},"end":{"line":24,"column":2}}},"fnMap":{"0":{"name":"(anonymous_0)","decl":{"start":{"line":4,"column":21},"end":{"line":4,"column":22}},"loc":{"start":{"line":4,"column":50},"end":{"line":12,"column":1}},"line":4}},"branchMap":{},"s":{"0":0,"1":0,"2":0},"f":{"0":0},"b":{}}
,"C:\\Users\\adm\\OneDrive\\Bureau\\KickOff\\components\\DropdownWindow.js": {"path":"C:\\Users\\adm\\OneDrive\\Bureau\\KickOff\\components\\DropdownWindow.js","statementMap":{"0":{"start":{"line":4,"column":23},"end":{"line":6,"column":1}},"1":{"start":{"line":5,"column":2},"end":{"line":5,"column":107}},"2":{"start":{"line":10,"column":15},"end":{"line":21,"column":2}}},"fnMap":{"0":{"name":"(anonymous_0)","decl":{"start":{"line":4,"column":23},"end":{"line":4,"column":24}},"loc":{"start":{"line":4,"column":52},"end":{"line":6,"column":1}},"line":4}},"branchMap":{},"s":{"0":0,"1":0,"2":0},"f":{"0":0},"b":{}}
,"C:\\Users\\adm\\OneDrive\\Bureau\\KickOff\\components\\PlayerCard.js": {"path":"C:\\Users\\adm\\OneDrive\\Bureau\\KickOff\\components\\PlayerCard.js","statementMap":{"0":{"start":{"line":5,"column":19},"end":{"line":20,"column":1}},"1":{"start":{"line":6,"column":2},"end":{"line":19,"column":4}},"2":{"start":{"line":22,"column":15},"end":{"line":86,"column":4}}},"fnMap":{"0":{"name":"(anonymous_0)","decl":{"start":{"line":5,"column":19},"end":{"line":5,"column":20}},"loc":{"start":{"line":5,"column":74},"end":{"line":20,"column":1}},"line":5}},"branchMap":{},"s":{"0":1,"1":0,"2":1},"f":{"0":0},"b":{},"_coverageSchema":"1a1c01bbd47fc00a2c39e90264f33305004495a9","hash":"b74d6dc8c041af38d133777eeae856ae26e1cac4"}
,"C:\\Users\\adm\\OneDrive\\Bureau\\KickOff\\components\\TeamCard.js": {"path":"C:\\Users\\adm\\OneDrive\\Bureau\\KickOff\\components\\TeamCard.js","statementMap":{"0":{"start":{"line":10,"column":17},"end":{"line":51,"column":1}},"1":{"start":{"line":12,"column":15},"end":{"line":14,"column":3}},"2":{"start":{"line":13,"column":4},"end":{"line":13,"column":63}},"3":{"start":{"line":16,"column":15},"end":{"line":16,"column":82}},"4":{"start":{"line":17,"column":24},"end":{"line":17,"column":78}},"5":{"start":{"line":18,"column":2},"end":{"line":50,"column":4}},"6":{"start":{"line":53,"column":15},"end":{"line":128,"column":2}}},"fnMap":{"0":{"name":"(anonymous_0)","decl":{"start":{"line":10,"column":17},"end":{"line":10,"column":18}},"loc":{"start":{"line":10,"column":45},"end":{"line":51,"column":1}},"line":10},"1":{"name":"(anonymous_1)","decl":{"start":{"line":12,"column":15},"end":{"line":12,"column":16}},"loc":{"start":{"line":12,"column":23},"end":{"line":14,"column":3}},"line":12}},"branchMap":{"0":{"loc":{"start":{"line":16,"column":15},"end":{"line":16,"column":82}},"type":"cond-expr","locations":[{"start":{"line":16,"column":38},"end":{"line":16,"column":75}},{"start":{"line":16,"column":78},"end":{"line":16,"column":82}}],"line":16},"1":{"loc":{"start":{"line":17,"column":24},"end":{"line":17,"column":78}},"type":"cond-expr","locations":[{"start":{"line":17,"column":31},"end":{"line":17,"column":66}},{"start":{"line":17,"column":69},"end":{"line":17,"column":78}}],"line":17}},"s":{"0":1,"1":0,"2":0,"3":0,"4":0,"5":0,"6":1},"f":{"0":0,"1":0},"b":{"0":[0,0],"1":[0,0]},"_coverageSchema":"1a1c01bbd47fc00a2c39e90264f33305004495a9","hash":"4008908b701c9de69b171f26a12c0ea9ce75e7ae"}
,"C:\\Users\\adm\\OneDrive\\Bureau\\KickOff\\redux\\action.js": {"path":"C:\\Users\\adm\\OneDrive\\Bureau\\KickOff\\redux\\action.js","statementMap":{"0":{"start":{"line":1,"column":28},"end":{"line":6,"column":1}},"1":{"start":{"line":2,"column":4},"end":{"line":5,"column":6}},"2":{"start":{"line":8,"column":35},"end":{"line":12,"column":1}},"3":{"start":{"line":9,"column":4},"end":{"line":11,"column":6}},"4":{"start":{"line":14,"column":35},"end":{"line":19,"column":1}},"5":{"start":{"line":15,"column":4},"end":{"line":18,"column":6}},"6":{"start":{"line":21,"column":33},"end":{"line":26,"column":1}},"7":{"start":{"line":22,"column":4},"end":{"line":25,"column":6}},"8":{"start":{"line":28,"column":40},"end":{"line":32,"column":1}},"9":{"start":{"line":29,"column":4},"end":{"line":31,"column":6}},"10":{"start":{"line":34,"column":40},"end":{"line":39,"column":1}},"11":{"start":{"line":35,"column":4},"end":{"line":38,"column":6}},"12":{"start":{"line":41,"column":28},"end":{"line":46,"column":1}},"13":{"start":{"line":42,"column":4},"end":{"line":45,"column":6}},"14":{"start":{"line":48,"column":35},"end":{"line":52,"column":1}},"15":{"start":{"line":49,"column":4},"end":{"line":51,"column":6}},"16":{"start":{"line":54,"column":35},"end":{"line":59,"column":1}},"17":{"start":{"line":55,"column":4},"end":{"line":58,"column":6}}},"fnMap":{"0":{"name":"(anonymous_0)","decl":{"start":{"line":1,"column":28},"end":{"line":1,"column":29}},"loc":{"start":{"line":1,"column":41},"end":{"line":6,"column":1}},"line":1},"1":{"name":"(anonymous_1)","decl":{"start":{"line":8,"column":35},"end":{"line":8,"column":36}},"loc":{"start":{"line":8,"column":41},"end":{"line":12,"column":1}},"line":8},"2":{"name":"(anonymous_2)","decl":{"start":{"line":14,"column":35},"end":{"line":14,"column":36}},"loc":{"start":{"line":14,"column":46},"end":{"line":19,"column":1}},"line":14},"3":{"name":"(anonymous_3)","decl":{"start":{"line":21,"column":33},"end":{"line":21,"column":34}},"loc":{"start":{"line":21,"column":51},"end":{"line":26,"column":1}},"line":21},"4":{"name":"(anonymous_4)","decl":{"start":{"line":28,"column":40},"end":{"line":28,"column":41}},"loc":{"start":{"line":28,"column":46},"end":{"line":32,"column":1}},"line":28},"5":{"name":"(anonymous_5)","decl":{"start":{"line":34,"column":40},"end":{"line":34,"column":41}},"loc":{"start":{"line":34,"column":51},"end":{"line":39,"column":1}},"line":34},"6":{"name":"(anonymous_6)","decl":{"start":{"line":41,"column":28},"end":{"line":41,"column":29}},"loc":{"start":{"line":41,"column":41},"end":{"line":46,"column":1}},"line":41},"7":{"name":"(anonymous_7)","decl":{"start":{"line":48,"column":35},"end":{"line":48,"column":36}},"loc":{"start":{"line":48,"column":41},"end":{"line":52,"column":1}},"line":48},"8":{"name":"(anonymous_8)","decl":{"start":{"line":54,"column":35},"end":{"line":54,"column":36}},"loc":{"start":{"line":54,"column":46},"end":{"line":59,"column":1}},"line":54}},"branchMap":{},"s":{"0":1,"1":0,"2":1,"3":1,"4":1,"5":0,"6":1,"7":0,"8":1,"9":0,"10":1,"11":0,"12":1,"13":0,"14":1,"15":0,"16":1,"17":0},"f":{"0":0,"1":1,"2":0,"3":0,"4":0,"5":0,"6":0,"7":0,"8":0},"b":{},"_coverageSchema":"1a1c01bbd47fc00a2c39e90264f33305004495a9","hash":"ce0b597c058997af55da51512068aba734da22f1"}
,"C:\\Users\\adm\\OneDrive\\Bureau\\KickOff\\redux\\reducer.js": {"path":"C:\\Users\\adm\\OneDrive\\Bureau\\KickOff\\redux\\reducer.js","statementMap":{"0":{"start":{"line":2,"column":21},"end":{"line":11,"column":1}},"1":{"start":{"line":13,"column":20},"end":{"line":69,"column":1}},"2":{"start":{"line":14,"column":4},"end":{"line":68,"column":5}},"3":{"start":{"line":16,"column":12},"end":{"line":20,"column":13}},"4":{"start":{"line":22,"column":12},"end":{"line":25,"column":13}},"5":{"start":{"line":27,"column":12},"end":{"line":31,"column":13}},"6":{"start":{"line":33,"column":12},"end":{"line":37,"column":13}},"7":{"start":{"line":39,"column":12},"end":{"line":42,"column":13}},"8":{"start":{"line":44,"column":12},"end":{"line":48,"column":13}},"9":{"start":{"line":50,"column":12},"end":{"line":54,"column":13}},"10":{"start":{"line":56,"column":12},"end":{"line":59,"column":13}},"11":{"start":{"line":61,"column":12},"end":{"line":65,"column":13}},"12":{"start":{"line":67,"column":12},"end":{"line":67,"column":25}}},"fnMap":{"0":{"name":"(anonymous_0)","decl":{"start":{"line":13,"column":20},"end":{"line":13,"column":21}},"loc":{"start":{"line":13,"column":54},"end":{"line":69,"column":1}},"line":13}},"branchMap":{"0":{"loc":{"start":{"line":13,"column":21},"end":{"line":13,"column":41}},"type":"default-arg","locations":[{"start":{"line":13,"column":29},"end":{"line":13,"column":41}}],"line":13},"1":{"loc":{"start":{"line":14,"column":4},"end":{"line":68,"column":5}},"type":"switch","locations":[{"start":{"line":15,"column":8},"end":{"line":20,"column":13}},{"start":{"line":21,"column":8},"end":{"line":25,"column":13}},{"start":{"line":26,"column":8},"end":{"line":31,"column":13}},{"start":{"line":32,"column":8},"end":{"line":37,"column":13}},{"start":{"line":38,"column":8},"end":{"line":42,"column":13}},{"start":{"line":43,"column":8},"end":{"line":48,"column":13}},{"start":{"line":49,"column":8},"end":{"line":54,"column":13}},{"start":{"line":55,"column":8},"end":{"line":59,"column":13}},{"start":{"line":60,"column":8},"end":{"line":65,"column":13}},{"start":{"line":66,"column":8},"end":{"line":67,"column":25}}],"line":14}},"s":{"0":1,"1":1,"2":2,"3":0,"4":1,"5":0,"6":0,"7":0,"8":0,"9":0,"10":0,"11":0,"12":1},"f":{"0":2},"b":{"0":[1],"1":[0,1,0,0,0,0,0,0,0,1]},"_coverageSchema":"1a1c01bbd47fc00a2c39e90264f33305004495a9","hash":"4940c64baf3932b9cab87790265d0a0c282bdf4e"}
,"C:\\Users\\adm\\OneDrive\\Bureau\\KickOff\\redux\\store.js": {"path":"C:\\Users\\adm\\OneDrive\\Bureau\\KickOff\\redux\\store.js","statementMap":{"0":{"start":{"line":6,"column":14},"end":{"line":6,"column":61}}},"fnMap":{},"branchMap":{},"s":{"0":1},"f":{},"b":{},"_coverageSchema":"1a1c01bbd47fc00a2c39e90264f33305004495a9","hash":"dbee8727161d99e3fcf8edde314106e20ec7dfa6"}
,"C:\\Users\\adm\\OneDrive\\Bureau\\KickOff\\redux\\thunks\\dataThunks.js": {"path":"C:\\Users\\adm\\OneDrive\\Bureau\\KickOff\\redux\\thunks\\dataThunks.js","statementMap":{"0":{"start":{"line":6,"column":33},"end":{"line":14,"column":1}},"1":{"start":{"line":6,"column":43},"end":{"line":14,"column":1}},"2":{"start":{"line":7,"column":4},"end":{"line":13,"column":5}},"3":{"start":{"line":8,"column":8},"end":{"line":8,"column":40}},"4":{"start":{"line":9,"column":25},"end":{"line":9,"column":81}},"5":{"start":{"line":10,"column":8},"end":{"line":10,"column":46}},"6":{"start":{"line":12,"column":8},"end":{"line":12,"column":45}},"7":{"start":{"line":16,"column":38},"end":{"line":26,"column":1}},"8":{"start":{"line":16,"column":46},"end":{"line":26,"column":1}},"9":{"start":{"line":17,"column":4},"end":{"line":25,"column":5}},"10":{"start":{"line":18,"column":8},"end":{"line":18,"column":45}},"11":{"start":{"line":19,"column":25},"end":{"line":19,"column":54}},"12":{"start":{"line":20,"column":26},"end":{"line":20,"column":64}},"13":{"start":{"line":21,"column":8},"end":{"line":21,"column":65}},"14":{"start":{"line":22,"column":8},"end":{"line":22,"column":51}},"15":{"start":{"line":24,"column":8},"end":{"line":24,"column":50}},"16":{"start":{"line":28,"column":33},"end":{"line":36,"column":1}},"17":{"start":{"line":28,"column":39},"end":{"line":36,"column":1}},"18":{"start":{"line":29,"column":4},"end":{"line":35,"column":5}},"19":{"start":{"line":30,"column":8},"end":{"line":30,"column":38}},"20":{"start":{"line":31,"column":25},"end":{"line":31,"column":46}},"21":{"start":{"line":32,"column":8},"end":{"line":32,"column":46}},"22":{"start":{"line":34,"column":8},"end":{"line":34,"column":45}}},"fnMap":{"0":{"name":"(anonymous_0)","decl":{"start":{"line":6,"column":33},"end":{"line":6,"column":34}},"loc":{"start":{"line":6,"column":43},"end":{"line":14,"column":1}},"line":6},"1":{"name":"(anonymous_1)","decl":{"start":{"line":6,"column":43},"end":{"line":6,"column":44}},"loc":{"start":{"line":6,"column":63},"end":{"line":14,"column":1}},"line":6},"2":{"name":"(anonymous_2)","decl":{"start":{"line":16,"column":38},"end":{"line":16,"column":39}},"loc":{"start":{"line":16,"column":46},"end":{"line":26,"column":1}},"line":16},"3":{"name":"(anonymous_3)","decl":{"start":{"line":16,"column":46},"end":{"line":16,"column":47}},"loc":{"start":{"line":16,"column":66},"end":{"line":26,"column":1}},"line":16},"4":{"name":"(anonymous_4)","decl":{"start":{"line":28,"column":33},"end":{"line":28,"column":34}},"loc":{"start":{"line":28,"column":39},"end":{"line":36,"column":1}},"line":28},"5":{"name":"(anonymous_5)","decl":{"start":{"line":28,"column":39},"end":{"line":28,"column":40}},"loc":{"start":{"line":28,"column":59},"end":{"line":36,"column":1}},"line":28}},"branchMap":{},"s":{"0":1,"1":1,"2":1,"3":1,"4":1,"5":0,"6":0,"7":1,"8":0,"9":0,"10":0,"11":0,"12":0,"13":0,"14":0,"15":0,"16":1,"17":0,"18":0,"19":0,"20":0,"21":0,"22":0},"f":{"0":1,"1":1,"2":0,"3":0,"4":0,"5":0},"b":{},"_coverageSchema":"1a1c01bbd47fc00a2c39e90264f33305004495a9","hash":"bfe3552bab809e014e881b3386e0f644ddac6ee2"}
,"C:\\Users\\adm\\OneDrive\\Bureau\\KickOff\\routes\\Drawer.js": {"path":"C:\\Users\\adm\\OneDrive\\Bureau\\KickOff\\routes\\Drawer.js","statementMap":{"0":{"start":{"line":7,"column":15},"end":{"line":7,"column":38}},"1":{"start":{"line":10,"column":4},"end":{"line":27,"column":6}},"2":{"start":{"line":16,"column":30},"end":{"line":16,"column":68}},"3":{"start":{"line":23,"column":30},"end":{"line":23,"column":66}}},"fnMap":{"0":{"name":"DrawerNavigator","decl":{"start":{"line":9,"column":24},"end":{"line":9,"column":39}},"loc":{"start":{"line":9,"column":42},"end":{"line":28,"column":5}},"line":9},"1":{"name":"(anonymous_1)","decl":{"start":{"line":16,"column":24},"end":{"line":16,"column":25}},"loc":{"start":{"line":16,"column":30},"end":{"line":16,"column":68}},"line":16},"2":{"name":"(anonymous_2)","decl":{"start":{"line":23,"column":24},"end":{"line":23,"column":25}},"loc":{"start":{"line":23,"column":30},"end":{"line":23,"column":66}},"line":23}},"branchMap":{},"s":{"0":1,"1":0,"2":0,"3":0},"f":{"0":0,"1":0,"2":0},"b":{},"_coverageSchema":"1a1c01bbd47fc00a2c39e90264f33305004495a9","hash":"038564b232f518c5cba34021183a52545995d805"}
,"C:\\Users\\adm\\OneDrive\\Bureau\\KickOff\\routes\\FavoriteStack.js": {"path":"C:\\Users\\adm\\OneDrive\\Bureau\\KickOff\\routes\\FavoriteStack.js","statementMap":{"0":{"start":{"line":6,"column":18},"end":{"line":6,"column":40}},"1":{"start":{"line":8,"column":4},"end":{"line":12,"column":6}}},"fnMap":{"0":{"name":"FavoriteStack","decl":{"start":{"line":5,"column":24},"end":{"line":5,"column":37}},"loc":{"start":{"line":5,"column":40},"end":{"line":13,"column":1}},"line":5}},"branchMap":{},"s":{"0":0,"1":0},"f":{"0":0},"b":{},"_coverageSchema":"1a1c01bbd47fc00a2c39e90264f33305004495a9","hash":"e8c0992062d39a454820df87a8b25b35c9dceef6"}
,"C:\\Users\\adm\\OneDrive\\Bureau\\KickOff\\routes\\JoueursStack.js": {"path":"C:\\Users\\adm\\OneDrive\\Bureau\\KickOff\\routes\\JoueursStack.js","statementMap":{"0":{"start":{"line":7,"column":18},"end":{"line":7,"column":40}},"1":{"start":{"line":9,"column":4},"end":{"line":14,"column":6}}},"fnMap":{"0":{"name":"JoueursStack","decl":{"start":{"line":6,"column":24},"end":{"line":6,"column":36}},"loc":{"start":{"line":6,"column":39},"end":{"line":15,"column":1}},"line":6}},"branchMap":{},"s":{"0":0,"1":0},"f":{"0":0},"b":{},"_coverageSchema":"1a1c01bbd47fc00a2c39e90264f33305004495a9","hash":"3a09c9268bb6d42ed9847a32391aad1e1aca741f"}
,"C:\\Users\\adm\\OneDrive\\Bureau\\KickOff\\routes\\MatchsStack.js": {"path":"C:\\Users\\adm\\OneDrive\\Bureau\\KickOff\\routes\\MatchsStack.js","statementMap":{"0":{"start":{"line":7,"column":18},"end":{"line":7,"column":40}},"1":{"start":{"line":9,"column":4},"end":{"line":14,"column":6}}},"fnMap":{"0":{"name":"MatchsStack","decl":{"start":{"line":6,"column":24},"end":{"line":6,"column":35}},"loc":{"start":{"line":6,"column":38},"end":{"line":15,"column":1}},"line":6}},"branchMap":{},"s":{"0":1,"1":1},"f":{"0":1},"b":{},"_coverageSchema":"1a1c01bbd47fc00a2c39e90264f33305004495a9","hash":"2dd85f66878201a70eaae588bb00b750c1e87dbe"}
,"C:\\Users\\adm\\OneDrive\\Bureau\\KickOff\\routes\\NavPage.js": {"path":"C:\\Users\\adm\\OneDrive\\Bureau\\KickOff\\routes\\NavPage.js","statementMap":{"0":{"start":{"line":6,"column":2},"end":{"line":10,"column":3}}},"fnMap":{"0":{"name":"NavPage","decl":{"start":{"line":5,"column":24},"end":{"line":5,"column":31}},"loc":{"start":{"line":5,"column":34},"end":{"line":11,"column":1}},"line":5}},"branchMap":{},"s":{"0":2},"f":{"0":2},"b":{},"_coverageSchema":"1a1c01bbd47fc00a2c39e90264f33305004495a9","hash":"1c559a0aa32f35b7a78a72a1df4775b881c5b498"}
,"C:\\Users\\adm\\OneDrive\\Bureau\\KickOff\\routes\\Tabs.js": {"path":"C:\\Users\\adm\\OneDrive\\Bureau\\KickOff\\routes\\Tabs.js","statementMap":{"0":{"start":{"line":10,"column":15},"end":{"line":10,"column":23}},"1":{"start":{"line":11,"column":16},"end":{"line":11,"column":25}},"2":{"start":{"line":12,"column":21},"end":{"line":12,"column":31}},"3":{"start":{"line":14,"column":12},"end":{"line":14,"column":38}},"4":{"start":{"line":19,"column":4},"end":{"line":55,"column":6}},"5":{"start":{"line":22,"column":39},"end":{"line":45,"column":11}},"6":{"start":{"line":25,"column":25},"end":{"line":25,"column":35}},"7":{"start":{"line":27,"column":16},"end":{"line":35,"column":17}},"8":{"start":{"line":28,"column":20},"end":{"line":28,"column":73}},"9":{"start":{"line":31,"column":23},"end":{"line":35,"column":17}},"10":{"start":{"line":32,"column":20},"end":{"line":32,"column":69}},"11":{"start":{"line":33,"column":23},"end":{"line":35,"column":17}},"12":{"start":{"line":34,"column":20},"end":{"line":34,"column":65}},"13":{"start":{"line":36,"column":16},"end":{"line":36,"column":74}}},"fnMap":{"0":{"name":"MainContainer","decl":{"start":{"line":17,"column":9},"end":{"line":17,"column":22}},"loc":{"start":{"line":17,"column":25},"end":{"line":56,"column":3}},"line":17},"1":{"name":"(anonymous_1)","decl":{"start":{"line":22,"column":23},"end":{"line":22,"column":24}},"loc":{"start":{"line":22,"column":39},"end":{"line":45,"column":11}},"line":22},"2":{"name":"(anonymous_2)","decl":{"start":{"line":23,"column":24},"end":{"line":23,"column":25}},"loc":{"start":{"line":23,"column":54},"end":{"line":37,"column":13}},"line":23}},"branchMap":{"0":{"loc":{"start":{"line":27,"column":16},"end":{"line":35,"column":17}},"type":"if","locations":[{"start":{"line":27,"column":16},"end":{"line":35,"column":17}},{"start":{"line":31,"column":23},"end":{"line":35,"column":17}}],"line":27},"1":{"loc":{"start":{"line":28,"column":31},"end":{"line":28,"column":72}},"type":"cond-expr","locations":[{"start":{"line":28,"column":41},"end":{"line":28,"column":51}},{"start":{"line":28,"column":54},"end":{"line":28,"column":72}}],"line":28},"2":{"loc":{"start":{"line":31,"column":23},"end":{"line":35,"column":17}},"type":"if","locations":[{"start":{"line":31,"column":23},"end":{"line":35,"column":17}},{"start":{"line":33,"column":23},"end":{"line":35,"column":17}}],"line":31},"3":{"loc":{"start":{"line":32,"column":31},"end":{"line":32,"column":68}},"type":"cond-expr","locations":[{"start":{"line":32,"column":41},"end":{"line":32,"column":49}},{"start":{"line":32,"column":52},"end":{"line":32,"column":68}}],"line":32},"4":{"loc":{"start":{"line":33,"column":23},"end":{"line":35,"column":17}},"type":"if","locations":[{"start":{"line":33,"column":23},"end":{"line":35,"column":17}},{"start":{},"end":{}}],"line":33},"5":{"loc":{"start":{"line":34,"column":31},"end":{"line":34,"column":64}},"type":"cond-expr","locations":[{"start":{"line":34,"column":41},"end":{"line":34,"column":47}},{"start":{"line":34,"column":50},"end":{"line":34,"column":64}}],"line":34}},"s":{"0":1,"1":1,"2":1,"3":1,"4":2,"5":3,"6":6,"7":6,"8":2,"9":4,"10":2,"11":2,"12":2,"13":6},"f":{"0":2,"1":3,"2":6},"b":{"0":[2,4],"1":[1,1],"2":[2,2],"3":[1,1],"4":[2,0],"5":[1,1]},"_coverageSchema":"1a1c01bbd47fc00a2c39e90264f33305004495a9","hash":"3ce21f0b7a69e6a12ef29d7a216a3633061a88e3"}
,"C:\\Users\\adm\\OneDrive\\Bureau\\KickOff\\screens\\Favorite.js": {"path":"C:\\Users\\adm\\OneDrive\\Bureau\\KickOff\\screens\\Favorite.js","statementMap":{"0":{"start":{"line":5,"column":2},"end":{"line":9,"column":3}}},"fnMap":{"0":{"name":"Favorite","decl":{"start":{"line":4,"column":24},"end":{"line":4,"column":32}},"loc":{"start":{"line":4,"column":35},"end":{"line":10,"column":1}},"line":4}},"branchMap":{},"s":{"0":0},"f":{"0":0},"b":{},"_coverageSchema":"1a1c01bbd47fc00a2c39e90264f33305004495a9","hash":"9090b4c159bd4b1bb141198728e13d4a37c8a60a"}
,"C:\\Users\\adm\\OneDrive\\Bureau\\KickOff\\screens\\Home.js": {"path":"C:\\Users\\adm\\OneDrive\\Bureau\\KickOff\\screens\\Home.js","statementMap":{"0":{"start":{"line":13,"column":13},"end":{"line":72,"column":1}},"1":{"start":{"line":14,"column":4},"end":{"line":71,"column":5}},"2":{"start":{"line":26,"column":39},"end":{"line":26,"column":68}},"3":{"start":{"line":40,"column":39},"end":{"line":40,"column":69}},"4":{"start":{"line":52,"column":39},"end":{"line":52,"column":69}},"5":{"start":{"line":74,"column":15},"end":{"line":102,"column":2}}},"fnMap":{"0":{"name":"(anonymous_0)","decl":{"start":{"line":13,"column":13},"end":{"line":13,"column":14}},"loc":{"start":{"line":13,"column":33},"end":{"line":72,"column":1}},"line":13},"1":{"name":"(anonymous_1)","decl":{"start":{"line":26,"column":33},"end":{"line":26,"column":34}},"loc":{"start":{"line":26,"column":39},"end":{"line":26,"column":68}},"line":26},"2":{"name":"(anonymous_2)","decl":{"start":{"line":40,"column":33},"end":{"line":40,"column":34}},"loc":{"start":{"line":40,"column":39},"end":{"line":40,"column":69}},"line":40},"3":{"name":"(anonymous_3)","decl":{"start":{"line":52,"column":33},"end":{"line":52,"column":34}},"loc":{"start":{"line":52,"column":39},"end":{"line":52,"column":69}},"line":52}},"branchMap":{},"s":{"0":0,"1":0,"2":0,"3":0,"4":0,"5":0},"f":{"0":0,"1":0,"2":0,"3":0},"b":{}}
,"C:\\Users\\adm\\OneDrive\\Bureau\\KickOff\\screens\\JoueurDetails.js": {"path":"C:\\Users\\adm\\OneDrive\\Bureau\\KickOff\\screens\\JoueurDetails.js","statementMap":{"0":{"start":{"line":7,"column":22},"end":{"line":60,"column":1}},"1":{"start":{"line":8,"column":17},"end":{"line":8,"column":34}},"2":{"start":{"line":10,"column":2},"end":{"line":59,"column":4}},"3":{"start":{"line":12,"column":67},"end":{"line":12,"column":86}},"4":{"start":{"line":63,"column":15},"end":{"line":121,"column":2}}},"fnMap":{"0":{"name":"(anonymous_0)","decl":{"start":{"line":7,"column":22},"end":{"line":7,"column":23}},"loc":{"start":{"line":7,"column":49},"end":{"line":60,"column":1}},"line":7},"1":{"name":"(anonymous_1)","decl":{"start":{"line":12,"column":61},"end":{"line":12,"column":62}},"loc":{"start":{"line":12,"column":67},"end":{"line":12,"column":86}},"line":12}},"branchMap":{},"s":{"0":1,"1":0,"2":0,"3":0,"4":1},"f":{"0":0,"1":0},"b":{},"_coverageSchema":"1a1c01bbd47fc00a2c39e90264f33305004495a9","hash":"ae5383cd743c58a1ee185518ed686cdd425c555b"}
,"C:\\Users\\adm\\OneDrive\\Bureau\\KickOff\\screens\\Joueurs.js": {"path":"C:\\Users\\adm\\OneDrive\\Bureau\\KickOff\\screens\\Joueurs.js","statementMap":{"0":{"start":{"line":11,"column":16},"end":{"line":42,"column":1}},"1":{"start":{"line":12,"column":19},"end":{"line":12,"column":32}},"2":{"start":{"line":13,"column":18},"end":{"line":13,"column":55}},"3":{"start":{"line":13,"column":41},"end":{"line":13,"column":54}},"4":{"start":{"line":15,"column":2},"end":{"line":17,"column":17}},"5":{"start":{"line":16,"column":4},"end":{"line":16,"column":34}},"6":{"start":{"line":18,"column":2},"end":{"line":18,"column":23}},"7":{"start":{"line":20,"column":2},"end":{"line":41,"column":4}},"8":{"start":{"line":25,"column":39},"end":{"line":25,"column":55}},"9":{"start":{"line":27,"column":10},"end":{"line":37,"column":12}},"10":{"start":{"line":33,"column":14},"end":{"line":35,"column":16}},"11":{"start":{"line":43,"column":15},"end":{"line":107,"column":2}}},"fnMap":{"0":{"name":"(anonymous_0)","decl":{"start":{"line":11,"column":16},"end":{"line":11,"column":17}},"loc":{"start":{"line":11,"column":36},"end":{"line":42,"column":1}},"line":11},"1":{"name":"(anonymous_1)","decl":{"start":{"line":13,"column":30},"end":{"line":13,"column":31}},"loc":{"start":{"line":13,"column":41},"end":{"line":13,"column":54}},"line":13},"2":{"name":"(anonymous_2)","decl":{"start":{"line":15,"column":12},"end":{"line":15,"column":13}},"loc":{"start":{"line":15,"column":18},"end":{"line":17,"column":3}},"line":15},"3":{"name":"(anonymous_3)","decl":{"start":{"line":25,"column":22},"end":{"line":25,"column":23}},"loc":{"start":{"line":25,"column":39},"end":{"line":25,"column":55}},"line":25},"4":{"name":"(anonymous_4)","decl":{"start":{"line":26,"column":20},"end":{"line":26,"column":21}},"loc":{"start":{"line":27,"column":10},"end":{"line":37,"column":12}},"line":27},"5":{"name":"(anonymous_5)","decl":{"start":{"line":32,"column":25},"end":{"line":32,"column":26}},"loc":{"start":{"line":33,"column":14},"end":{"line":35,"column":16}},"line":33}},"branchMap":{},"s":{"0":1,"1":0,"2":0,"3":0,"4":0,"5":0,"6":0,"7":0,"8":0,"9":0,"10":0,"11":1},"f":{"0":0,"1":0,"2":0,"3":0,"4":0,"5":0},"b":{},"_coverageSchema":"1a1c01bbd47fc00a2c39e90264f33305004495a9","hash":"3cfc0c6a27fa9f2e72f488fe8a0e3926f10cdd7e"}
,"C:\\Users\\adm\\OneDrive\\Bureau\\KickOff\\screens\\MatchDetails.js": {"path":"C:\\Users\\adm\\OneDrive\\Bureau\\KickOff\\screens\\MatchDetails.js","statementMap":{"0":{"start":{"line":9,"column":21},"end":{"line":85,"column":1}},"1":{"start":{"line":10,"column":19},"end":{"line":10,"column":32}},"2":{"start":{"line":11,"column":17},"end":{"line":11,"column":29}},"3":{"start":{"line":12,"column":15},"end":{"line":12,"column":74}},"4":{"start":{"line":12,"column":23},"end":{"line":12,"column":74}},"5":{"start":{"line":13,"column":23},"end":{"line":13,"column":71}},"6":{"start":{"line":13,"column":46},"end":{"line":13,"column":70}},"7":{"start":{"line":19,"column":2},"end":{"line":21,"column":17}},"8":{"start":{"line":20,"column":4},"end":{"line":20,"column":41}},"9":{"start":{"line":24,"column":2},"end":{"line":24,"column":44}},"10":{"start":{"line":25,"column":2},"end":{"line":25,"column":39}},"11":{"start":{"line":27,"column":24},"end":{"line":29,"column":81}},"12":{"start":{"line":31,"column":2},"end":{"line":84,"column":4}},"13":{"start":{"line":33,"column":67},"end":{"line":33,"column":86}},"14":{"start":{"line":53,"column":40},"end":{"line":53,"column":108}},"15":{"start":{"line":55,"column":20},"end":{"line":76,"column":27}},"16":{"start":{"line":87,"column":15},"end":{"line":161,"column":2}}},"fnMap":{"0":{"name":"(anonymous_0)","decl":{"start":{"line":9,"column":21},"end":{"line":9,"column":22}},"loc":{"start":{"line":9,"column":48},"end":{"line":85,"column":1}},"line":9},"1":{"name":"(anonymous_1)","decl":{"start":{"line":12,"column":15},"end":{"line":12,"column":16}},"loc":{"start":{"line":12,"column":23},"end":{"line":12,"column":74}},"line":12},"2":{"name":"(anonymous_2)","decl":{"start":{"line":13,"column":35},"end":{"line":13,"column":36}},"loc":{"start":{"line":13,"column":46},"end":{"line":13,"column":70}},"line":13},"3":{"name":"(anonymous_3)","decl":{"start":{"line":19,"column":18},"end":{"line":19,"column":19}},"loc":{"start":{"line":19,"column":24},"end":{"line":21,"column":3}},"line":19},"4":{"name":"(anonymous_4)","decl":{"start":{"line":33,"column":61},"end":{"line":33,"column":62}},"loc":{"start":{"line":33,"column":67},"end":{"line":33,"column":86}},"line":33},"5":{"name":"(anonymous_5)","decl":{"start":{"line":53,"column":26},"end":{"line":53,"column":27}},"loc":{"start":{"line":53,"column":40},"end":{"line":53,"column":108}},"line":53},"6":{"name":"(anonymous_6)","decl":{"start":{"line":54,"column":23},"end":{"line":54,"column":24}},"loc":{"start":{"line":55,"column":20},"end":{"line":76,"column":27}},"line":55}},"branchMap":{"0":{"loc":{"start":{"line":27,"column":24},"end":{"line":29,"column":81}},"type":"cond-expr","locations":[{"start":{"line":28,"column":6},"end":{"line":28,"column":13}},{"start":{"line":29,"column":6},"end":{"line":29,"column":81}}],"line":27},"1":{"loc":{"start":{"line":36,"column":7},"end":{"line":82,"column":7}},"type":"binary-expr","locations":[{"start":{"line":36,"column":7},"end":{"line":36,"column":19}},{"start":{"line":37,"column":8},"end":{"line":81,"column":15}}],"line":36},"2":{"loc":{"start":{"line":50,"column":13},"end":{"line":79,"column":13}},"type":"binary-expr","locations":[{"start":{"line":50,"column":13},"end":{"line":50,"column":45}},{"start":{"line":51,"column":14},"end":{"line":78,"column":17}}],"line":50},"3":{"loc":{"start":{"line":53,"column":40},"end":{"line":53,"column":108}},"type":"binary-expr","locations":[{"start":{"line":53,"column":40},"end":{"line":53,"column":72}},{"start":{"line":53,"column":76},"end":{"line":53,"column":108}}],"line":53},"4":{"loc":{"start":{"line":56,"column":23},"end":{"line":75,"column":23}},"type":"cond-expr","locations":[{"start":{"line":57,"column":24},"end":{"line":64,"column":31}},{"start":{"line":66,"column":24},"end":{"line":74,"column":31}}],"line":56},"5":{"loc":{"start":{"line":58,"column":27},"end":{"line":62,"column":27}},"type":"cond-expr","locations":[{"start":{"line":59,"column":28},"end":{"line":59,"column":84}},{"start":{"line":61,"column":28},"end":{"line":61,"column":116}}],"line":58},"6":{"loc":{"start":{"line":67,"column":27},"end":{"line":72,"column":27}},"type":"cond-expr","locations":[{"start":{"line":68,"column":28},"end":{"line":68,"column":84}},{"start":{"line":71,"column":28},"end":{"line":71,"column":116}}],"line":67}},"s":{"0":1,"1":0,"2":0,"3":0,"4":0,"5":0,"6":0,"7":0,"8":0,"9":0,"10":0,"11":0,"12":0,"13":0,"14":0,"15":0,"16":1},"f":{"0":0,"1":0,"2":0,"3":0,"4":0,"5":0,"6":0},"b":{"0":[0,0],"1":[0,0],"2":[0,0],"3":[0,0],"4":[0,0],"5":[0,0],"6":[0,0]},"_coverageSchema":"1a1c01bbd47fc00a2c39e90264f33305004495a9","hash":"8086f83605fd33d2337a94c6ac6c1edb7043fc18"}
,"C:\\Users\\adm\\OneDrive\\Bureau\\KickOff\\screens\\Matchs.js": {"path":"C:\\Users\\adm\\OneDrive\\Bureau\\KickOff\\screens\\Matchs.js","statementMap":{"0":{"start":{"line":9,"column":15},"end":{"line":74,"column":1}},"1":{"start":{"line":10,"column":19},"end":{"line":10,"column":32}},"2":{"start":{"line":13,"column":18},"end":{"line":13,"column":53}},"3":{"start":{"line":13,"column":39},"end":{"line":13,"column":52}},"4":{"start":{"line":14,"column":18},"end":{"line":14,"column":53}},"5":{"start":{"line":14,"column":39},"end":{"line":14,"column":52}},"6":{"start":{"line":16,"column":2},"end":{"line":18,"column":17}},"7":{"start":{"line":17,"column":4},"end":{"line":17,"column":46}},"8":{"start":{"line":20,"column":46},"end":{"line":20,"column":61}},"9":{"start":{"line":22,"column":18},"end":{"line":22,"column":90}},"10":{"start":{"line":24,"column":2},"end":{"line":73,"column":4}},"11":{"start":{"line":34,"column":40},"end":{"line":34,"column":68}},"12":{"start":{"line":37,"column":12},"end":{"line":37,"column":70}},"13":{"start":{"line":60,"column":39},"end":{"line":60,"column":55}},"14":{"start":{"line":62,"column":10},"end":{"line":69,"column":12}},"15":{"start":{"line":65,"column":12},"end":{"line":67,"column":14}},"16":{"start":{"line":76,"column":15},"end":{"line":111,"column":2}}},"fnMap":{"0":{"name":"(anonymous_0)","decl":{"start":{"line":9,"column":15},"end":{"line":9,"column":16}},"loc":{"start":{"line":9,"column":35},"end":{"line":74,"column":1}},"line":9},"1":{"name":"(anonymous_1)","decl":{"start":{"line":13,"column":30},"end":{"line":13,"column":31}},"loc":{"start":{"line":13,"column":39},"end":{"line":13,"column":52}},"line":13},"2":{"name":"(anonymous_2)","decl":{"start":{"line":14,"column":30},"end":{"line":14,"column":31}},"loc":{"start":{"line":14,"column":39},"end":{"line":14,"column":52}},"line":14},"3":{"name":"(anonymous_3)","decl":{"start":{"line":16,"column":12},"end":{"line":16,"column":13}},"loc":{"start":{"line":16,"column":18},"end":{"line":18,"column":3}},"line":16},"4":{"name":"(anonymous_4)","decl":{"start":{"line":34,"column":25},"end":{"line":34,"column":26}},"loc":{"start":{"line":34,"column":40},"end":{"line":34,"column":68}},"line":34},"5":{"name":"(anonymous_5)","decl":{"start":{"line":36,"column":23},"end":{"line":36,"column":24}},"loc":{"start":{"line":37,"column":12},"end":{"line":37,"column":70}},"line":37},"6":{"name":"(anonymous_6)","decl":{"start":{"line":60,"column":22},"end":{"line":60,"column":23}},"loc":{"start":{"line":60,"column":39},"end":{"line":60,"column":55}},"line":60},"7":{"name":"(anonymous_7)","decl":{"start":{"line":61,"column":20},"end":{"line":61,"column":21}},"loc":{"start":{"line":62,"column":10},"end":{"line":69,"column":12}},"line":62},"8":{"name":"(anonymous_8)","decl":{"start":{"line":64,"column":23},"end":{"line":64,"column":24}},"loc":{"start":{"line":65,"column":12},"end":{"line":67,"column":14}},"line":65}},"branchMap":{"0":{"loc":{"start":{"line":51,"column":7},"end":{"line":51,"column":41}},"type":"binary-expr","locations":[{"start":{"line":51,"column":7},"end":{"line":51,"column":14}},{"start":{"line":51,"column":18},"end":{"line":51,"column":41}}],"line":51},"1":{"loc":{"start":{"line":54,"column":7},"end":{"line":54,"column":52}},"type":"binary-expr","locations":[{"start":{"line":54,"column":7},"end":{"line":54,"column":20}},{"start":{"line":54,"column":24},"end":{"line":54,"column":52}}],"line":54},"2":{"loc":{"start":{"line":56,"column":7},"end":{"line":56,"column":60}},"type":"binary-expr","locations":[{"start":{"line":56,"column":7},"end":{"line":56,"column":27}},{"start":{"line":56,"column":31},"end":{"line":56,"column":60}}],"line":56}},"s":{"0":1,"1":2,"2":2,"3":4,"4":2,"5":4,"6":2,"7":1,"8":2,"9":2,"10":2,"11":0,"12":12,"13":0,"14":0,"15":0,"16":1},"f":{"0":2,"1":4,"2":4,"3":1,"4":0,"5":12,"6":0,"7":0,"8":0},"b":{"0":[2,1],"1":[2,0],"2":[2,2]},"_coverageSchema":"1a1c01bbd47fc00a2c39e90264f33305004495a9","hash":"b7e6be0b3445dd11b86536fd01cab830f300c403"}
,"C:\\Users\\adm\\OneDrive\\Bureau\\KickOff\\styles\\Colors.js": {"path":"C:\\Users\\adm\\OneDrive\\Bureau\\KickOff\\styles\\Colors.js","statementMap":{},"fnMap":{},"branchMap":{},"s":{},"f":{},"b":{},"_coverageSchema":"1a1c01bbd47fc00a2c39e90264f33305004495a9","hash":"a4f2d9c39c5a5a82404391440f14c7e1c711b6ff"}
}
